-------------------------------------------------------------------------------
Test set: com.aplicationMicroservice.productservice.IntegationsTest
-------------------------------------------------------------------------------
Tests run: 2, Failures: 1, Errors: 0, Skipped: 0, Time elapsed: 8.404 s <<< FAILURE! -- in com.aplicationMicroservice.productservice.IntegationsTest
com.aplicationMicroservice.productservice.IntegationsTest.TestGetAllProducts -- Time elapsed: 1.218 s <<< FAILURE!
org.opentest4j.AssertionFailedError: expected: <2> but was: <1>
	at org.junit.jupiter.api.AssertionFailureBuilder.build(AssertionFailureBuilder.java:151)
	at org.junit.jupiter.api.AssertionFailureBuilder.buildAndThrow(AssertionFailureBuilder.java:132)
	at org.junit.jupiter.api.AssertEquals.failNotEqual(AssertEquals.java:197)
	at org.junit.jupiter.api.AssertEquals.assertEquals(AssertEquals.java:150)
	at org.junit.jupiter.api.AssertEquals.assertEquals(AssertEquals.java:145)
	at org.junit.jupiter.api.Assertions.assertEquals(Assertions.java:531)
	at com.aplicationMicroservice.productservice.IntegationsTest.TestCreateProduct(IntegationsTest.java:69)
	at com.aplicationMicroservice.productservice.IntegationsTest.TestGetAllProducts(IntegationsTest.java:83)
	at java.base/java.lang.reflect.Method.invoke(Method.java:578)
	at java.base/java.util.ArrayList.forEach(ArrayList.java:1511)
	at java.base/java.util.ArrayList.forEach(ArrayList.java:1511)

