<?xml version="1.0" encoding="UTF-8"?>
<testsuite xmlns:xsi="http://www.w3.org/2001/XMLSchema-instance" xsi:noNamespaceSchemaLocation="https://maven.apache.org/surefire/maven-surefire-plugin/xsd/surefire-test-report-3.0.xsd" version="3.0" name="com.aplicationMicroservice.productservice.IntegationsTest" time="8.404" tests="2" errors="0" skipped="0" failures="1">
  <properties>
[...]
</properties>
  <testcase name="TestGetAllProducts" classname="com.aplicationMicroservice.productservice.IntegationsTest" time="1.218">
    <failure message="expected: &lt;2&gt; but was: &lt;1&gt;" type="org.opentest4j.AssertionFailedError"><![CDATA[org.opentest4j.AssertionFailedError: expected: <2> but was: <1>
	at org.junit.jupiter.api.AssertionFailureBuilder.build(AssertionFailureBuilder.java:151)
	at org.junit.jupiter.api.AssertionFailureBuilder.buildAndThrow(AssertionFailureBuilder.java:132)
	at org.junit.jupiter.api.AssertEquals.failNotEqual(AssertEquals.java:197)
	at org.junit.jupiter.api.AssertEquals.assertEquals(AssertEquals.java:150)
	at org.junit.jupiter.api.AssertEquals.assertEquals(AssertEquals.java:145)
	at org.junit.jupiter.api.Assertions.assertEquals(Assertions.java:531)
	at com.aplicationMicroservice.productservice.IntegationsTest.TestCreateProduct(IntegationsTest.java:69)
	at com.aplicationMicroservice.productservice.IntegationsTest.TestGetAllProducts(IntegationsTest.java:83)
	at java.base/java.lang.reflect.Method.invoke(Method.java:578)
	at java.base/java.util.ArrayList.forEach(ArrayList.java:1511)
	at java.base/java.util.ArrayList.forEach(ArrayList.java:1511)
]]></failure>
    <system-out><![CDATA[10:37:12.363 [main] INFO org.springframework.test.context.support.AnnotationConfigContextLoaderUtils -- Could not detect default configuration classes for test class [com.aplicationMicroservice.productservice.IntegationsTest]: IntegationsTest does not declare any static, non-private, non-final, nested classes annotated with @Configuration.
10:37:12.504 [main] INFO org.springframework.boot.test.context.SpringBootTestContextBootstrapper -- Found @SpringBootConfiguration com.aplicationMicroservice.productservice.ProductServiceApplication for test class com.aplicationMicroservice.productservice.IntegationsTest
10:37:12.677 [main] INFO org.testcontainers.images.PullPolicy -- Image pull policy will be performed by: DefaultPullPolicy()
10:37:12.680 [main] INFO org.testcontainers.utility.ImageNameSubstitutor -- Image name substitution will be performed by: DefaultImageNameSubstitutor (composite of 'ConfigurationFileImageNameSubstitutor' and 'PrefixingImageNameSubstitutor')
10:37:12.980 [main] INFO org.testcontainers.dockerclient.DockerClientProviderStrategy -- Loaded org.testcontainers.dockerclient.NpipeSocketClientProviderStrategy from ~/.testcontainers.properties, will try it first
10:37:13.306 [main] INFO org.testcontainers.dockerclient.DockerClientProviderStrategy -- Found Docker environment with local Npipe socket (npipe:////./pipe/docker_engine)
10:37:13.307 [main] INFO org.testcontainers.DockerClientFactory -- Docker host IP address is localhost
10:37:13.332 [main] INFO org.testcontainers.DockerClientFactory -- Connected to docker: 
  Server Version: 25.0.2
  API Version: 1.44
  Operating System: Docker Desktop
  Total Memory: 7785 MB
10:37:13.368 [main] INFO tc.testcontainers/ryuk:0.6.0 -- Creating container for image: testcontainers/ryuk:0.6.0
10:37:13.707 [main] INFO tc.testcontainers/ryuk:0.6.0 -- Container testcontainers/ryuk:0.6.0 is starting: 7aec71959e39fe5ccd1feaa18b168e724e94ede3466627576b0cfdf5bebe7b29
10:37:14.205 [main] INFO tc.testcontainers/ryuk:0.6.0 -- Container testcontainers/ryuk:0.6.0 started in PT0.8361945S
10:37:14.216 [main] INFO org.testcontainers.utility.RyukResourceReaper -- Ryuk started - will monitor and terminate Testcontainers containers on JVM exit
10:37:14.216 [main] INFO org.testcontainers.DockerClientFactory -- Checking the system...
10:37:14.217 [main] INFO org.testcontainers.DockerClientFactory -- ✔︎ Docker server version should be at least 1.6.0
10:37:14.218 [main] INFO tc.mongo:4.4.2 -- Creating container for image: mongo:4.4.2
10:37:14.304 [main] INFO tc.mongo:4.4.2 -- Container mongo:4.4.2 is starting: aa33fd1a36572e4445c7efda0c51a504c3adc7d5018dd099591c0947d0740bf5
10:37:15.684 [main] INFO tc.mongo:4.4.2 -- Container mongo:4.4.2 started in PT1.466493S

  .   ____          _            __ _ _
 /\\ / ___'_ __ _ _(_)_ __  __ _ \ \ \ \
( ( )\___ | '_ | '_| | '_ \/ _` | \ \ \ \
 \\/  ___)| |_)| | | | | || (_| |  ) ) ) )
  '  |____| .__|_| |_|_| |_\__, | / / / /
 =========|_|==============|___/=/_/_/_/
 :: Spring Boot ::                (v3.2.2)

2024-02-14T10:37:16.332-05:00  INFO 6020 --- [           main] c.a.productservice.IntegationsTest       : Starting IntegationsTest using Java 19 with PID 6020 (started by chevi in C:\Users\chevi\Desktop\MicroserviceP\product-service)
2024-02-14T10:37:16.334-05:00  INFO 6020 --- [           main] c.a.productservice.IntegationsTest       : No active profile set, falling back to 1 default profile: "default"
2024-02-14T10:37:17.076-05:00  INFO 6020 --- [           main] .s.d.r.c.RepositoryConfigurationDelegate : Bootstrapping Spring Data MongoDB repositories in DEFAULT mode.
2024-02-14T10:37:17.147-05:00  INFO 6020 --- [           main] .s.d.r.c.RepositoryConfigurationDelegate : Finished Spring Data repository scanning in 65 ms. Found 1 MongoDB repository interface.
2024-02-14T10:37:17.826-05:00  INFO 6020 --- [           main] org.mongodb.driver.client                : MongoClient with metadata {"driver": {"name": "mongo-java-driver|sync|spring-boot", "version": "4.11.1"}, "os": {"type": "Windows", "name": "Windows 11", "architecture": "amd64", "version": "10.0"}, "platform": "Java/Oracle Corporation/19+36-2238"} created with settings MongoClientSettings{readPreference=primary, writeConcern=WriteConcern{w=null, wTimeout=null ms, journal=null}, retryWrites=true, retryReads=true, readConcern=ReadConcern{level=null}, credential=null, transportSettings=null, streamFactoryFactory=null, commandListeners=[], codecRegistry=ProvidersCodecRegistry{codecProviders=[ValueCodecProvider{}, BsonValueCodecProvider{}, DBRefCodecProvider{}, DBObjectCodecProvider{}, DocumentCodecProvider{}, CollectionCodecProvider{}, IterableCodecProvider{}, MapCodecProvider{}, GeoJsonCodecProvider{}, GridFSFileCodecProvider{}, Jsr310CodecProvider{}, JsonObjectCodecProvider{}, BsonCodecProvider{}, EnumCodecProvider{}, com.mongodb.client.model.mql.ExpressionCodecProvider@3c60c681, com.mongodb.Jep395RecordCodecProvider@1b3a9ef4, com.mongodb.KotlinCodecProvider@7a1371]}, loggerSettings=LoggerSettings{maxDocumentLength=1000}, clusterSettings={hosts=[localhost:59216], srvServiceName=mongodb, mode=SINGLE, requiredClusterType=UNKNOWN, requiredReplicaSetName='null', serverSelector='null', clusterListeners='[]', serverSelectionTimeout='30000 ms', localThreshold='15 ms'}, socketSettings=SocketSettings{connectTimeoutMS=10000, readTimeoutMS=0, receiveBufferSize=0, proxySettings=ProxySettings{host=null, port=null, username=null, password=null}}, heartbeatSocketSettings=SocketSettings{connectTimeoutMS=10000, readTimeoutMS=10000, receiveBufferSize=0, proxySettings=ProxySettings{host=null, port=null, username=null, password=null}}, connectionPoolSettings=ConnectionPoolSettings{maxSize=100, minSize=0, maxWaitTimeMS=120000, maxConnectionLifeTimeMS=0, maxConnectionIdleTimeMS=0, maintenanceInitialDelayMS=0, maintenanceFrequencyMS=60000, connectionPoolListeners=[], maxConnecting=2}, serverSettings=ServerSettings{heartbeatFrequencyMS=10000, minHeartbeatFrequencyMS=500, serverListeners='[]', serverMonitorListeners='[]'}, sslSettings=SslSettings{enabled=false, invalidHostNameAllowed=false, context=null}, applicationName='null', compressorList=[], uuidRepresentation=JAVA_LEGACY, serverApi=null, autoEncryptionSettings=null, dnsClient=null, inetAddressResolver=null, contextProvider=null}
2024-02-14T10:37:17.846-05:00  INFO 6020 --- [localhost:59216] org.mongodb.driver.cluster               : Monitor thread successfully connected to server with description ServerDescription{address=localhost:59216, type=REPLICA_SET_PRIMARY, state=CONNECTED, ok=true, minWireVersion=0, maxWireVersion=9, maxDocumentSize=16777216, logicalSessionTimeoutMinutes=30, roundTripTimeNanos=35336000, setName='docker-rs', canonicalAddress=aa33fd1a3657:27017, hosts=[aa33fd1a3657:27017], passives=[], arbiters=[], primary='aa33fd1a3657:27017', tagSet=TagSet{[]}, electionId=7fffffff0000000000000001, setVersion=1, topologyVersion=TopologyVersion{processId=65ccde2a4695c0dffd6482c0, counter=6}, lastWriteDate=Wed Feb 14 10:37:15 COT 2024, lastUpdateTimeNanos=87769918329900}
2024-02-14T10:37:18.879-05:00  INFO 6020 --- [           main] o.s.b.t.m.w.SpringBootMockServletContext : Initializing Spring TestDispatcherServlet ''
2024-02-14T10:37:18.880-05:00  INFO 6020 --- [           main] o.s.t.web.servlet.TestDispatcherServlet  : Initializing Servlet ''
2024-02-14T10:37:18.882-05:00  INFO 6020 --- [           main] o.s.t.web.servlet.TestDispatcherServlet  : Completed initialization in 1 ms
2024-02-14T10:37:18.911-05:00  INFO 6020 --- [           main] c.a.productservice.IntegationsTest       : Started IntegationsTest in 2.888 seconds (process running for 7.409)
2024-02-14T10:37:20.098-05:00  INFO 6020 --- [           main] c.a.p.service.Productservice             : Product 65ccde3082c11c213e7de4f9 was creates

MockHttpServletRequest:
      HTTP Method = POST
      Request URI = /api/product
       Parameters = {}
          Headers = [Content-Type:"application/json;charset=UTF-8", Content-Length:"66"]
             Body = {"name":"Iphone_Galactic","descripction":"Is new","price":1000000}
    Session Attrs = {}

Handler:
             Type = com.aplicationMicroservice.productservice.controller.ProductcController
           Method = com.aplicationMicroservice.productservice.controller.ProductcController#createaProduct(ProductRequest)

Async:
    Async started = false
     Async result = null

Resolved Exception:
             Type = null

ModelAndView:
        View name = null
             View = null
            Model = null

FlashMap:
       Attributes = null

MockHttpServletResponse:
           Status = 201
    Error message = null
          Headers = []
     Content type = null
             Body = 
    Forwarded URL = null
   Redirected URL = null
          Cookies = []
]]></system-out>
  </testcase>
  <testcase name="TestCreateProduct" classname="com.aplicationMicroservice.productservice.IntegationsTest" time="0.018">
    <system-out><![CDATA[2024-02-14T10:37:20.180-05:00  INFO 6020 --- [           main] c.a.p.service.Productservice             : Product 65ccde3082c11c213e7de4fa was creates
]]></system-out>
  </testcase>
</testsuite>